proguard/seeds.txt
com.fish.Fishbowl.FishbowlActivity
com.fish.Fishbowl.FishbowlActivity: FishbowlActivity()
...
com.games.Base.SurfaceGame
com.games.Base.SurfaceGame: SurfaceGame(android.content.Context,android.util.AttributeSet)