proguard/mapping.txt
com.fish.Fishbowl.Bubble -> com.fish.Fishbowl.a:
    com.games.Sprites.Pic pic -> i
    int getWidth() -> a
    int getHeight() -> b
    void doDraw(android.graphics.Canvas) -> a
    void onBorderTouch(int) -> a
com.fish.Fishbowl.FishbowlActivity -> com.fish.Fishbowl.FishbowlActivity:
    com.fish.Fishbowl.GameThread game -> a
    android.hardware.SensorManager sensorManager -> b
    android.hardware.Sensor sensor -> c
    int callibration -> d
    void onCreate(android.os.Bundle) -> onCreate
    void startGame() -> a
    void onPause() -> onPause
    void onRestart() -> onRestart
    void onBackPressed() -> onBackPressed
    boolean onTouchEvent(android.view.MotionEvent) -> onTouchEvent
    void onSensorChanged(android.hardware.SensorEvent) -> onSensorChanged
    void onAccuracyChanged(android.hardware.Sensor,int) -> onAccuracyChanged
com.fish.Fishbowl.GameThread -> com.fish.Fishbowl.b:
    com.fish.Fishbowl.Sounds snd -> o
    com.fish.Fishbowl.Images img -> p
    java.util.Vector peces -> q
    java.util.Vector piranhas -> r
    java.util.Vector bubbles -> s
    com.fish.Fishbowl.Gato gato -> t
    com.fish.Fishbowl.Shark shark -> u
    com.games.Sprites.Text ttoast -> v
    java.security.SecureRandom sr -> w
    android.graphics.Paint panel -> x
    android.graphics.Paint pWhite -> y
    android.graphics.Paint pOxigenBar -> z
    android.graphics.Paint pBlue -> A
    com.games.Sprites.Pic marker -> B
    com.games.Sprites.Pic olas -> C
    com.games.Sprites.Pic gameover -> D
    com.games.Sprites.Pic aureola -> E
    com.games.Sprites.Button btnDown -> F
    com.games.Sprites.Button btnSkip -> G
    boolean isCreatingPiranhas -> H
    boolean isCreating -> I
    boolean isControllingGato -> a
    boolean tutorialTriggerDown -> J
    boolean tutorialTriggerEat -> K
    boolean isScoreOn -> L
    int score -> M
    int piranha_score -> N
    int lives -> O
    int screen -> b
    int SCORE_X -> P
    int SCORE_Y -> Q
    int SURFACE -> c
    int FISH_SURFACE -> d
    int PIRANHA_SURFACE -> e
    int FISH_DOWN_MARGIN -> f
    int PIRANHA_DOWN_MARGIN -> g
    int PIRANHA_DIRECTION_VARIATION -> h
    int SHARK_DIRECTION_VARIATION -> i
    int MAX_FISH -> R
    int MAX_PIRANHAS -> S
    int MAX_AIR -> j
    int GATO_ROJO_AIR -> T
    int PEZGLOBO_AIR -> k
    void preInitializeGame() -> a
com.fish.Fishbowl.Gato -> com.fish.Fishbowl.c:
    int speed_normal -> i
    int speed_superguerrero -> j
    com.games.Sprites.Animation nadar -> k
    com.games.Sprites.Animation ahogandose -> l
    com.games.Sprites.Animation comer -> m
    com.games.Sprites.Animation comerRojo -> n
    com.games.Sprites.Animation muerto -> o
    int stat -> p
    int superguerrero -> q
    int air -> r
    int precalculedHeight -> s
    void setSpeeds(int,int) -> a
    void decAir() -> c
    void globoAir() -> d
    int getAir() -> e
    void doRespirar() -> f
    void setStat(int) -> b
    int getStat() -> g
    void setSuperGuerrero() -> h
    boolean isSuperGuerrero() -> i
    boolean isSubiendoRecto() -> j
    com.games.Sprites.Animation getAnimation() -> u
    void initialPosition() -> k
    void goDown() -> l
    void goUp() -> m
    void timon(float) -> a
    void doDraw(android.graphics.Canvas) -> a
    int getWidth() -> a
    int getHeight() -> b
    void doStep() -> n
    boolean isOnTheBottom() -> o
    void onBorderTouch(int) -> a
com.fish.Fishbowl.Images -> com.fish.Fishbowl.d:
    android.graphics.Bitmap fondo -> a
    android.graphics.Bitmap help -> b
    void loadBackgrounds() -> a
com.fish.Fishbowl.Pez -> com.fish.Fishbowl.e:
    int fishtype -> i
    int dir -> j
    com.games.Sprites.Animation anim_r -> k
    com.games.Sprites.Animation anim_l -> l
    java.security.SecureRandom sr -> m
    int getFishtype() -> c
    void turnLeft() -> d
    void turnRight() -> e
    void doDraw(android.graphics.Canvas) -> a
    void onBorderTouch(int) -> a
    int getWidth() -> a
    int getHeight() -> b
...
com.games.Base.BaseGameThread -> com.games.Base.a:
    android.content.Context ctx -> l
    android.view.SurfaceHolder sh -> a
    boolean isRunning -> b
    boolean isDrawing -> c
    boolean isProcessing -> m
    boolean isReloading -> n
    void setSurfaceSize(int,int) -> c
    void setCanvasSize(int,int) -> a
    void setRunning(boolean) -> a
    void run() -> run
    void preInitializeGame() -> a
    void initializeGame() -> b
    void doIA() -> d
    void doPhysics() -> e
    void doDraw(android.graphics.Canvas) -> a
com.games.Base.Collisions -> com.games.Base.b:
    android.media.MediaPlayer mp -> a
    void insideScreen(com.games.Sprites.Sprite,double,double) -> a
    boolean colisionPuntoPlano(double,double,com.games.Sprites.Sprite,boolean) -> a
    int colisionPlanoPlano(com.games.Sprites.Sprite,com.games.Sprites.Sprite) -> a
    void setVolume(float) -> a
    void play() -> a
    void stop() -> b
com.games.Base.GameImage -> com.games.Base.c:
    android.content.Context ctx -> c
    int canvasWidth -> d
    int canvasHeight -> e
    int canvasCenterWidth -> f
    android.graphics.Bitmap bg -> g
com.games.Base.GameSound -> com.games.Base.d:
    android.content.Context ctx -> e
    void stopSounds() -> d
    void stopMusics() -> e
    void finalize() -> finalize
com.games.Base.SurfaceGame -> com.games.Base.SurfaceGame:
    com.fish.Fishbowl.GameThread thread -> a
    void surfaceChanged(android.view.SurfaceHolder,int,int,int) -> surfaceChanged
    void surfaceCreated(android.view.SurfaceHolder) -> surfaceCreated
    void surfaceDestroyed(android.view.SurfaceHolder) -> surfaceDestroyed
com.games.Sprites.Animation -> com.games.a.a:
    int currentPhase -> a
    int currentCicle -> b
    int ciclesPerAnimation -> c
    boolean isRunning -> d
    boolean toLoop -> e
    int iteration_limit -> f
    int loops -> g
    java.util.ArrayList draw -> h
    android.content.Context ctx -> i
    int width -> j
    int height -> k
    void setNumLoops(int) -> a
    void setLoop(boolean) -> a
    void setCiclesPerAnimation(int) -> b
    void setPhase(int) -> c
    boolean isRunning() -> a
    void add(int) -> d
    int getWidth() -> b
    int getHeight() -> c
    void flipH() -> d
    void scale1() -> e
    void doDraw(android.graphics.Canvas,double,double) -> a
    void resetAnimation() -> f
    void restart() -> g
    void startAnimation() -> h
    void precalcSize() -> j
    void stopAnimation() -> i
com.games.Sprites.Button -> com.games.a.b:
    int x -> a
    int y -> b
    boolean isVisible -> d
    void hide() -> a
    void show() -> b
    boolean isVisible() -> c
    boolean isTapped(int,int) -> a
    void doDraw(android.graphics.Canvas) -> a
com.games.Sprites.Pic -> com.games.a.c:
    android.graphics.drawable.Drawable draw -> c
    android.content.Context ctx -> a
    int width -> b
    int height -> d
    void load(int) -> a
    int getWidth() -> d
    int getHeight() -> e
    void scale(int,int) -> b
    void doDraw(android.graphics.Canvas,double,double) -> a
com.games.Sprites.Sprite -> com.games.a.d:
    double x -> a
    double y -> b
    boolean isMoving -> c
    double inc_x -> i
    double inc_y -> j
    double targetX -> d
    double targetY -> e
    int canvasW -> f
    int canvasH -> g
    float speed -> k
    float acceleration -> l
    float deceleration -> m
    boolean visible -> h
    void hide() -> p
    void show() -> q
    boolean isVisible() -> r
    void setSpeed(float) -> b
    int getCenterX() -> s
    int getCenterY() -> t
    void doStep() -> n
    int getWidth() -> a
    int getHeight() -> b
    void onBorderTouch(int) -> a